<?xml version="1.0" encoding="UTF-8"?>
<testng-results ignored="0" total="1" passed="1" failed="0" skipped="0">
  <reporter-output>
  </reporter-output>
  <suite started-at="2023-08-25T21:34:41 MST" name="Suite" finished-at="2023-08-25T21:34:47 MST" duration-ms="6488">
    <groups>
      <group name="Master">
        <method signature="TC002_LoginTest.loginTest()[pri:0, instance:testCases.TC002_LoginTest@4f6ee6e4]" name="loginTest" class="testCases.TC002_LoginTest"/>
      </group> <!-- Master -->
      <group name="Sanity">
        <method signature="TC002_LoginTest.loginTest()[pri:0, instance:testCases.TC002_LoginTest@4f6ee6e4]" name="loginTest" class="testCases.TC002_LoginTest"/>
      </group> <!-- Sanity -->
    </groups>
    <test started-at="2023-08-25T21:34:41 MST" name="ChromeTest" finished-at="2023-08-25T21:34:47 MST" duration-ms="6488">
      <class name="testCases.TC002_LoginTest">
        <test-method is-config="true" signature="setUp(java.lang.String)[pri:0, instance:testCases.TC002_LoginTest@4f6ee6e4]" started-at="2023-08-25T21:34:41 MST" name="setUp" finished-at="2023-08-25T21:34:45 MST" duration-ms="4351" status="PASS">
          <params>
            <param index="0">
              <value>
                <![CDATA[chrome]]>
              </value>
            </param>
          </params>
          <reporter-output>
          </reporter-output>
        </test-method> <!-- setUp -->
        <test-method signature="loginTest()[pri:0, instance:testCases.TC002_LoginTest@4f6ee6e4]" started-at="2023-08-25T21:34:45 MST" name="loginTest" finished-at="2023-08-25T21:34:47 MST" duration-ms="1481" status="PASS">
          <reporter-output>
          </reporter-output>
        </test-method> <!-- loginTest -->
        <test-method is-config="true" signature="tearDown()[pri:0, instance:testCases.TC002_LoginTest@4f6ee6e4]" started-at="2023-08-25T21:34:47 MST" name="tearDown" finished-at="2023-08-25T21:34:47 MST" duration-ms="256" status="PASS">
          <reporter-output>
          </reporter-output>
        </test-method> <!-- tearDown -->
      </class> <!-- testCases.TC002_LoginTest -->
    </test> <!-- ChromeTest -->
  </suite> <!-- Suite -->
</testng-results>
